c:\users\aifa\source\repos\consoleapplication2\consoleapplication2\x64\debug\consoleapplication2.pch
c:\users\aifa\source\repos\consoleapplication2\consoleapplication2\x64\debug\vc141.pdb
c:\users\aifa\source\repos\consoleapplication2\consoleapplication2\x64\debug\vc141.idb
c:\users\aifa\source\repos\consoleapplication2\consoleapplication2\x64\debug\pch.obj
c:\users\aifa\source\repos\consoleapplication2\consoleapplication2\x64\debug\consoleapplication2.obj
c:\workspace\consoleapplication2\consoleapplication2\x64\debug\consoleapplication2.pch
c:\workspace\consoleapplication2\consoleapplication2\x64\debug\vc141.pdb
c:\workspace\consoleapplication2\consoleapplication2\x64\debug\vc141.idb
c:\workspace\consoleapplication2\consoleapplication2\x64\debug\pch.obj
c:\workspace\consoleapplication2\consoleapplication2\x64\debug\consoleapplication2.obj
c:\users\aifa\source\repos\consoleapplication2\x64\debug\consoleapplication2.exe
c:\users\aifa\source\repos\consoleapplication2\x64\debug\consoleapplication2.ilk
c:\users\aifa\source\repos\consoleapplication2\x64\debug\consoleapplication2.pdb
c:\workspace\consoleapplication2\x64\debug\consoleapplication2.exe
c:\workspace\consoleapplication2\x64\debug\consoleapplication2.ilk
c:\workspace\consoleapplication2\x64\debug\consoleapplication2.pdb
c:\workspace\consoleapplication2\consoleapplication2\x64\debug\consolea.ac692837.tlog\cl.command.1.tlog
c:\workspace\consoleapplication2\consoleapplication2\x64\debug\consolea.ac692837.tlog\cl.read.1.tlog
c:\workspace\consoleapplication2\consoleapplication2\x64\debug\consolea.ac692837.tlog\cl.write.1.tlog
c:\workspace\consoleapplication2\consoleapplication2\x64\debug\consolea.ac692837.tlog\link.command.1.tlog
c:\workspace\consoleapplication2\consoleapplication2\x64\debug\consolea.ac692837.tlog\link.read.1.tlog
c:\workspace\consoleapplication2\consoleapplication2\x64\debug\consolea.ac692837.tlog\link.write.1.tlog
